<?xml version="1.0" encoding="UTF-8"?>
<!-- Generated by org.testng.reporters.JUnitXMLReporter -->
<testsuite ignored="0" hostname="PWLAP2681" failures="2" tests="2" name="TestNG" time="0.63" errors="0" timestamp="07 Dec 2022 09:07:55 GMT">
  <testcase classname="testCases.VerifyCountryAndDate" name="VerifyDateOfRelease" time="0.007">
    <failure type="java.lang.Error" message="Unresolved compilation problem: 
	ExtentTest cannot be resolved to a type
">
      <![CDATA[java.lang.Error: Unresolved compilation problem: 
ExtentTest cannot be resolved to a type

at testCases.VerifyCountryAndDate.VerifyDateOfRelease(VerifyCountryAndDate.java:55)
... Removed 25 stack frames]]>
    </failure>
  </testcase> <!-- VerifyDateOfRelease -->
  <testcase classname="testCases.VerifyCountryAndDate" name="VerifyCountryOfRelease" time="0.002">
    <failure type="java.lang.Error" message="Unresolved compilation problem: 
	ExtentTest cannot be resolved to a type
">
      <![CDATA[java.lang.Error: Unresolved compilation problem: 
ExtentTest cannot be resolved to a type

at testCases.VerifyCountryAndDate.VerifyCountryOfRelease(VerifyCountryAndDate.java:135)
... Removed 25 stack frames]]>
    </failure>
  </testcase> <!-- VerifyCountryOfRelease -->
</testsuite> <!-- TestNG -->
